[debug] [2022-04-29T01:35:36.682Z] ----------------------------------------------------------------------
[debug] [2022-04-29T01:35:36.685Z] Command:       C:\Program Files\nodejs\node.exe C:\Users\SENTEY\AppData\Roaming\npm\node_modules\firebase-tools\lib\bin\firebase.js init hosting
[debug] [2022-04-29T01:35:36.685Z] CLI Version:   10.7.2
[debug] [2022-04-29T01:35:36.686Z] Platform:      win32
[debug] [2022-04-29T01:35:36.686Z] Node Version:  v16.14.2
[debug] [2022-04-29T01:35:36.687Z] Time:          Thu Apr 28 2022 22:35:36 GMT-0300 (hora estándar de Argentina)
[debug] [2022-04-29T01:35:36.687Z] ----------------------------------------------------------------------
[debug] 
[debug] [2022-04-29T01:35:36.700Z] > command requires scopes: ["email","openid","https://www.googleapis.com/auth/cloudplatformprojects.readonly","https://www.googleapis.com/auth/firebase","https://www.googleapis.com/auth/cloud-platform"]
[debug] [2022-04-29T01:35:36.700Z] > authorizing via signed-in user (juanlucamariani@gmail.com)
[info] 
     ######## #### ########  ######## ########     ###     ######  ########
     ##        ##  ##     ## ##       ##     ##  ##   ##  ##       ##
     ######    ##  ########  ######   ########  #########  ######  ######
     ##        ##  ##    ##  ##       ##     ## ##     ##       ## ##
     ##       #### ##     ## ######## ########  ##     ##  ######  ########

You're about to initialize a Firebase project in this directory:

  C:\Users\SENTEY\Desktop\Laboratorio 4\Sala-de-Juegos

[info] 
=== Project Setup
[info] 
[info] First, let's associate this project directory with a Firebase project.
[info] You can create multiple project aliases by running firebase use --add, 
[info] but for now we'll just set up a default project.
[info] 
[debug] [2022-04-29T01:35:40.190Z] >>> [apiv2][query] GET https://firebase.googleapis.com/v1beta1/projects pageSize=100
[debug] [2022-04-29T01:35:41.343Z] <<< [apiv2][status] GET https://firebase.googleapis.com/v1beta1/projects 200
[debug] [2022-04-29T01:35:41.343Z] <<< [apiv2][body] GET https://firebase.googleapis.com/v1beta1/projects [omitted]
[info] i  Using project tp-salajuegos-utn (Tp SalaJuegos UTN) 
[info] 
=== Hosting Setup
[info] 
[info] Your public directory is the folder (relative to your project directory) that
[info] will contain Hosting assets to be uploaded with firebase deploy. If you
[info] have a build process for your assets, use your build's output directory.
[info] 
